2024-11-26 16:45:12.684087295	[34minfo[0m	/root/go/tmp/cmd/main.go:26	server start	{"host": "127:0.0.1:7070"}
2024-11-26 16:46:19.080677749	[34minfo[0m	/root/go/tmp/cmd/main.go:26	server start	{"host": "127:0.0.1:7070"}
2024-11-26 17:05:05.807152268	[34minfo[0m	/root/go/tmp/cmd/main.go:26	server start	{"host": "127:0.0.1:7070"}
2024-11-26 17:06:54.222348281	[34minfo[0m	/root/go/tmp/cmd/main.go:26	server start	{"host": "127:0.0.1:7070"}
2024-11-26 17:17:52.313592238	[34minfo[0m	/root/go/tmp/main.go:26	server start	{"host": "127:0.0.1:7070"}
2024-11-26 17:21:57.629481915	[34minfo[0m	/root/go/tmp/cmd/main.go:26	server start	{"host": "127:0.0.1:7070"}
2024-11-26 17:26:00.849498489	[34minfo[0m	/root/go/tmp/cmd/main.go:26	server start	{"host": "127:0.0.1:7070"}
2024-11-26 17:26:10.836901869	[34minfo[0m	/root/go/tmp/cmd/main.go:26	server start	{"host": "127:0.0.1:7070"}
2024-11-26 17:26:37.320371412	[34minfo[0m	/root/go/tmp/cmd/main.go:26	server start	{"host": "127:0.0.1:7070"}
2024-11-26 17:26:51.947290710	[34minfo[0m	/root/go/tmp/cmd/main.go:26	server start	{"host": "127:0.0.1:7070"}
2024-11-26 20:42:12.335221887	[34minfo[0m	/root/go/tmp/cmd/main.go:26	server start	{"host": "127:0.0.1:7070"}
2024-11-26 20:43:38.242735540	[34minfo[0m	/root/go/tmp/middleware/reqlog.go:32	Request	{"trace": "87682283b41fb580b67108c25c975b87", "request_method": "GET", "request_headers": {"Accept":["*/*"],"User-Agent":["curl/7.68.0"]}, "request_url": "/health", "request_params": ""}
2024-11-26 20:43:38.242934244	[34minfo[0m	/root/go/tmp/middleware/reqlog.go:44	Response	{"trace": "87682283b41fb580b67108c25c975b87", "request_method": "GET", "request_headers": {"Accept":["*/*"],"User-Agent":["curl/7.68.0"]}, "request_url": "/health", "request_params": "", "response_body": "{\"code\":200,\"message\":\"ok\",\"data\":\"I am 32K\"}", "time": "357.613µs"}
2024-11-27 14:29:29.122577764	[34minfo[0m	/root/go/tmp/cmd/main.go:26	server start	{"host": "127:0.0.1:7070"}
2024-11-27 14:29:54.008355252	[34minfo[0m	/root/go/tmp/middleware/reqlog.go:40	Request	{"trace": "37af3e2aee7481540cd813f055986327", "request_method": "GET", "request_headers": {"Accept":["*/*"],"User-Agent":["curl/7.68.0"]}, "request_url": "/health", "request_params": ""}
2024-11-27 14:29:54.008691233	[34minfo[0m	/root/go/tmp/middleware/reqlog.go:53	Response	{"trace": "37af3e2aee7481540cd813f055986327", "request_method": "GET", "request_headers": {"Accept":["*/*"],"User-Agent":["curl/7.68.0"]}, "request_url": "/health", "request_params": "", "response_body": "{\"code\":200,\"message\":\"ok\",\"data\":\"I am 32K\"}", "time": "469.745µs"}
2024-11-27 14:31:52.704962453	[34minfo[0m	/root/go/tmp/cmd/main.go:26	server start	{"host": "127:0.0.1:7070"}
2024-11-27 14:31:56.314535220	[34minfo[0m	/root/go/tmp/middleware/reqlog.go:40	Request	{"trace": "d5951b7c1647392b55300ef60781c4b7", "request_method": "GET", "request_headers": {"Accept":["*/*"],"User-Agent":["curl/7.68.0"]}, "request_url": "/health", "request_params": ""}
2024-11-27 14:31:56.314886530	[34minfo[0m	/root/go/tmp/middleware/reqlog.go:53	Response	{"trace": "d5951b7c1647392b55300ef60781c4b7", "request_method": "GET", "request_headers": {"Accept":["*/*"],"User-Agent":["curl/7.68.0"]}, "request_url": "/health", "request_params": "", "response_body": "{\"code\":200,\"message\":\"ok\",\"data\":\"I am 32K\"}", "time": "780.391µs"}
2024-11-27 15:59:28.369574504	[34minfo[0m	/root/go/tmp/cmd/main.go:26	server start	{"host": "127:0.0.1:7070"}
2024-11-27 15:59:31.166720547	[34minfo[0m	/root/go/tmp/middleware/reqlog.go:40	Request	{"trace": "5828e190b4b48338179a6e7c6ba21b1f", "request_method": "GET", "request_headers": {"Accept":["*/*"],"User-Agent":["curl/7.68.0"]}, "request_url": "/health", "request_params": ""}
2024-11-27 15:59:31.166909700	[34minfo[0m	/root/go/tmp/middleware/reqlog.go:54	Response	{"trace": "5828e190b4b48338179a6e7c6ba21b1f", "request_method": "GET", "request_headers": {"Accept":["*/*"],"User-Agent":["curl/7.68.0"]}, "request_url": "/health", "request_params": "", "response_body": "{\"code\":200,\"message\":\"ok\",\"data\":\"I am 32K\"}", "time": "401.577µs"}
2024-11-27 16:03:24.632235617	[34minfo[0m	/root/go/tmp/cmd/main.go:26	server start	{"host": "127:0.0.1:7070"}
2024-11-27 16:03:26.615398810	[34minfo[0m	/root/go/tmp/middleware/reqlog.go:40	Request	{"trace": "5dc354a54eae87ea9d4a5c5ababe053e", "request_method": "GET", "request_headers": {"Accept":["*/*"],"User-Agent":["curl/7.68.0"]}, "request_url": "/health", "request_params": ""}
2024-11-27 16:03:26.615560196	[34minfo[0m	/root/go/tmp/middleware/reqlog.go:54	Response	{"trace": "5dc354a54eae87ea9d4a5c5ababe053e", "request_method": "GET", "request_headers": {"Accept":["*/*"],"User-Agent":["curl/7.68.0"]}, "request_url": "/health", "request_params": "", "response_body": "{\"code\":200,\"message\":\"ok\",\"data\":\"I am 32K\"}", "time": "468.33µs"}
2024-11-27 16:04:28.375406260	[34minfo[0m	/root/go/tmp/cmd/main.go:26	server start	{"host": "127:0.0.1:7070"}
2024-11-27 16:04:33.320122069	[34minfo[0m	/root/go/tmp/middleware/reqlog.go:40	Request	{"trace": "8e0fa12759221f50b79324e5f4b996de", "request_method": "GET", "request_headers": {"Accept":["*/*"],"User-Agent":["curl/7.68.0"]}, "request_url": "/health", "request_params": ""}
2024-11-27 16:04:33.320321098	[34minfo[0m	/root/go/tmp/middleware/reqlog.go:54	Response	{"trace": "8e0fa12759221f50b79324e5f4b996de", "request_method": "GET", "request_headers": {"Accept":["*/*"],"User-Agent":["curl/7.68.0"]}, "request_url": "/health", "request_params": "", "response_body": "{\"code\":200,\"message\":\"ok\",\"data\":\"I am 32K\"}", "time": "536.848µs"}
2024-11-27 16:06:56.851354578	[34minfo[0m	/root/go/tmp/cmd/main.go:26	server start	{"host": "127:0.0.1:7070"}
2024-11-27 16:07:00.868386596	[34minfo[0m	/root/go/tmp/middleware/reqlog.go:40	Request	{"trace": "f4d249e1be711fd49f0a125793e2e80b", "request_method": "GET", "request_headers": {"Accept":["*/*"],"User-Agent":["curl/7.68.0"]}, "request_url": "/health", "request_params": ""}
2024-11-27 16:07:00.868617704	[34minfo[0m	/root/go/tmp/middleware/reqlog.go:54	Response	{"trace": "f4d249e1be711fd49f0a125793e2e80b", "request_method": "GET", "request_headers": {"Accept":["*/*"],"User-Agent":["curl/7.68.0"]}, "request_url": "/health", "request_params": "", "response_body": "{\"code\":200,\"message\":\"ok\",\"data\":\"I am 32K\"}", "time": "565.253µs"}
2024-11-27 16:26:05.890501372	[34minfo[0m	/root/go/tmp/cmd/main.go:26	server start	{"host": "127:0.0.1:7070"}
2024-11-27 16:26:10.055268648	[34minfo[0m	/root/go/tmp/middleware/reqlog.go:40	Request	{"trace": "4a53ea3f396b11dd8a93badfb9b6e6b1", "request_method": "GET", "request_headers": {"Accept":["*/*"],"User-Agent":["curl/7.68.0"]}, "request_url": "/health", "request_params": ""}
2024-11-27 16:26:10.055374002	[34minfo[0m	/root/go/tmp/middleware/reqlog.go:54	Response	{"trace": "4a53ea3f396b11dd8a93badfb9b6e6b1", "request_method": "GET", "request_headers": {"Accept":["*/*"],"User-Agent":["curl/7.68.0"]}, "request_url": "/health", "request_params": "", "response_body": "{\"code\":200,\"message\":\"ok\",\"data\":\"I am 32K\"}", "time": "421.863µs"}
2024-11-27 16:43:15.245163880	[34minfo[0m	/root/go/tmp/cmd/main.go:26	server start	{"host": "127:0.0.1:7070"}
2024-11-27 16:43:18.573152420	[34minfo[0m	/root/go/tmp/middleware/reqlog.go:40	Request	{"trace": "7064eeefbcd78cc6609a2d01057f18ef", "request_method": "GET", "request_headers": {"Accept":["*/*"],"User-Agent":["curl/7.68.0"]}, "request_url": "/health", "request_params": ""}
2024-11-27 16:43:18.573273343	[34minfo[0m	/root/go/tmp/middleware/reqlog.go:54	Response	{"trace": "7064eeefbcd78cc6609a2d01057f18ef", "request_method": "GET", "request_headers": {"Accept":["*/*"],"User-Agent":["curl/7.68.0"]}, "request_url": "/health", "request_params": "", "response_body": "{\"code\":200,\"message\":\"ok\",\"data\":\"I am 32K\"}", "time": "289.62µs"}
2024-11-27 16:44:10.658444706	[34minfo[0m	/root/go/tmp/cmd/main.go:26	server start	{"host": "127:0.0.1:7070"}
2024-11-27 16:44:14.489917752	[34minfo[0m	/root/go/tmp/middleware/reqlog.go:40	Request	{"trace": "eecada5e8ca1e1cbfb8ebed0ea746df3", "request_method": "GET", "request_headers": {"Accept":["*/*"],"User-Agent":["curl/7.68.0"]}, "request_url": "/health", "request_params": ""}
2024-11-27 16:44:14.490074040	[34minfo[0m	/root/go/tmp/middleware/reqlog.go:54	Response	{"trace": "eecada5e8ca1e1cbfb8ebed0ea746df3", "request_method": "GET", "request_headers": {"Accept":["*/*"],"User-Agent":["curl/7.68.0"]}, "request_url": "/health", "request_params": "", "response_body": "{\"code\":200,\"message\":\"ok\",\"data\":\"I am 32K\"}", "time": "405.413µs"}
2024-11-27 16:45:23.136670670	[34minfo[0m	/root/go/tmp/cmd/main.go:26	server start	{"host": "127:0.0.1:7070"}
2024-11-27 16:45:26.911882430	[34minfo[0m	/root/go/tmp/middleware/reqlog.go:40	Request	{"trace": "61ee658a1c8b7de4e0b11eea2d17095e", "request_method": "GET", "request_headers": {"Accept":["*/*"],"User-Agent":["curl/7.68.0"]}, "request_url": "/health", "request_params": ""}
2024-11-27 16:45:26.912065843	[34minfo[0m	/root/go/tmp/middleware/reqlog.go:54	Response	{"trace": "61ee658a1c8b7de4e0b11eea2d17095e", "request_method": "GET", "request_headers": {"Accept":["*/*"],"User-Agent":["curl/7.68.0"]}, "request_url": "/health", "request_params": "", "response_body": "{\"code\":200,\"message\":\"ok\",\"data\":\"I am 32K\"}", "time": "739.42µs"}
2024-11-27 16:50:03.804683795	[34minfo[0m	/root/go/tmp/cmd/main.go:26	server start	{"host": "127:0.0.1:7070"}
2024-11-27 16:50:05.827107879	[34minfo[0m	/root/go/tmp/middleware/reqlog.go:40	Request	{"trace": "82296ebcee06f59761048e5ea5f34159", "request_method": "GET", "request_headers": {"Accept":["*/*"],"User-Agent":["curl/7.68.0"]}, "request_url": "/health", "request_params": ""}
2024-11-27 16:50:05.827471745	[34minfo[0m	/root/go/tmp/middleware/reqlog.go:54	Response	{"trace": "82296ebcee06f59761048e5ea5f34159", "request_method": "GET", "request_headers": {"Accept":["*/*"],"User-Agent":["curl/7.68.0"]}, "request_url": "/health", "request_params": "", "response_body": "{\"code\":200,\"message\":\"ok\",\"data\":\"I am 32K\"}", "time": "669.984µs"}
2024-11-27 16:51:38.656960770	[34minfo[0m	/root/go/tmp/cmd/main.go:26	server start	{"host": "127:0.0.1:7070"}
2024-11-27 16:51:43.440746363	[34minfo[0m	/root/go/tmp/middleware/reqlog.go:40	Request	{"trace": "da0b1e9b51c0eb4e48324b96af76ff2d", "request_method": "GET", "request_headers": {"Accept":["*/*"],"User-Agent":["curl/7.68.0"]}, "request_url": "/health", "request_params": ""}
2024-11-27 16:51:43.440908715	[34minfo[0m	/root/go/tmp/middleware/reqlog.go:54	Response	{"trace": "da0b1e9b51c0eb4e48324b96af76ff2d", "request_method": "GET", "request_headers": {"Accept":["*/*"],"User-Agent":["curl/7.68.0"]}, "request_url": "/health", "request_params": "", "response_body": "{\"code\":200,\"message\":\"ok\",\"data\":\"I am 32K\"}", "time": "357.115µs"}
2024-11-27 16:52:30.039821720	[34minfo[0m	/root/go/tmp/cmd/main.go:26	server start	{"host": "127:0.0.1:7070"}
2024-11-27 16:52:33.599600620	[34minfo[0m	/root/go/tmp/middleware/reqlog.go:40	Request	{"trace": "a048bb31f04556ffea1505b38f9fefef", "request_method": "GET", "request_headers": {"Accept":["*/*"],"User-Agent":["curl/7.68.0"]}, "request_url": "/health", "request_params": ""}
2024-11-27 16:52:33.599795983	[34minfo[0m	/root/go/tmp/middleware/reqlog.go:54	Response	{"trace": "a048bb31f04556ffea1505b38f9fefef", "request_method": "GET", "request_headers": {"Accept":["*/*"],"User-Agent":["curl/7.68.0"]}, "request_url": "/health", "request_params": "", "response_body": "{\"code\":200,\"message\":\"ok\",\"data\":\"I am 32K\"}", "time": "668.296µs"}
2024-11-27 16:53:30.952725515	[34minfo[0m	/root/go/tmp/middleware/reqlog.go:40	Request	{"trace": "694e7ab424f4d799c8476aa19b14bad4", "request_method": "GET", "request_headers": {"Accept":["*/*"],"User-Agent":["curl/7.68.0"]}, "request_url": "/health", "request_params": ""}
2024-11-27 16:53:30.953082059	[34minfo[0m	/root/go/tmp/middleware/reqlog.go:54	Response	{"trace": "694e7ab424f4d799c8476aa19b14bad4", "request_method": "GET", "request_headers": {"Accept":["*/*"],"User-Agent":["curl/7.68.0"]}, "request_url": "/health", "request_params": "", "response_body": "{\"code\":200,\"message\":\"ok\",\"data\":\"I am 32K\"}", "time": "1.175926ms"}
2024-11-27 17:25:11.829731444	[34minfo[0m	/root/go/tmp/cmd/main.go:26	server start	{"host": "127:0.0.1:7070"}
2024-11-27 17:25:20.736008135	[34minfo[0m	/root/go/tmp/middleware/reqlog.go:40	Request	{"trace": "93880f9bc505e927a32793e405981660", "request_method": "GET", "request_headers": {"Accept":["*/*"],"User-Agent":["curl/7.68.0"]}, "request_url": "/health", "request_params": ""}
2024-11-27 17:25:20.736237571	[34minfo[0m	/root/go/tmp/middleware/reqlog.go:54	Response	{"trace": "93880f9bc505e927a32793e405981660", "request_method": "GET", "request_headers": {"Accept":["*/*"],"User-Agent":["curl/7.68.0"]}, "request_url": "/health", "request_params": "", "response_body": "{\"code\":200,\"message\":\"ok\",\"data\":\"I am 32K\"}", "time": "883.052µs"}
2024-11-27 17:25:59.300057428	[34minfo[0m	server start	{"host": "127:0.0.1:7070"}
2024-11-27 17:26:03.040059577	[34minfo[0m	Request	{"trace": "cc295ee101cb188359e595e1ed9bfab3", "request_method": "GET", "request_headers": {"Accept":["*/*"],"User-Agent":["curl/7.68.0"]}, "request_url": "/health", "request_params": ""}
2024-11-27 17:26:03.040251454	[34minfo[0m	Response	{"trace": "cc295ee101cb188359e595e1ed9bfab3", "request_method": "GET", "request_headers": {"Accept":["*/*"],"User-Agent":["curl/7.68.0"]}, "request_url": "/health", "request_params": "", "response_body": "{\"code\":200,\"message\":\"ok\",\"data\":\"I am 32K\"}", "time": "847.108µs"}
2024-11-27 17:28:17.113387829	[34minfo[0m	server start	{"host": "127:0.0.1:7070"}
2024-11-27 17:28:17.114043900	[34minfo[0m	test info 	{"url": "www.test.com", "name": "jimmmyr", "age": 23, "agradege": "no111-000222"}
2024-11-27 17:29:43.141647586	[34minfo[0m	server start	{"host": "127:0.0.1:7070"}
2024-11-27 17:29:43.141970333	[34minfo[0m	test info 
2024-11-27 17:30:12.713031719	[34minfo[0m	server start	{"host": "127:0.0.1:7070"}
2024-11-27 17:30:12.713183135	[34minfo[0m	test info 
2024-11-27 17:35:14.078312440	[34minfo[0m	server start	{"host": "127:0.0.1:7070"}
2024-11-27 17:35:14.078450370	[34minfo[0m	test info	{"url": "www.test.com"}
